2025-11-12 13:49:14,158 - app.main - INFO - Datenbank-Tabellen erfolgreich erstellt/validiert
2025-11-12 13:50:01,958 - app.main - INFO - Datenbank-Tabellen erfolgreich erstellt/validiert
2025-11-12 13:50:16,509 - app.main - INFO - Datenbank-Tabellen erfolgreich erstellt/validiert
2025-11-12 13:53:12,835 - app.main - INFO - Datenbank-Tabellen erfolgreich erstellt/validiert
2025-11-12 14:20:56,140 - app.main - INFO - Datenbank-Tabellen erfolgreich erstellt/validiert
2025-11-12 14:20:56,962 - app.main - INFO - GET /
2025-11-12 14:20:57,097 - app.main - INFO - GET /static/css/style.css
2025-11-12 14:20:57,098 - app.main - INFO - GET /pics/Logo.png
2025-11-12 14:20:57,108 - app.main - INFO - GET /pics/pic1.png
2025-11-12 14:20:57,113 - app.main - INFO - GET /pics/pic2.png
2025-11-12 14:20:57,121 - app.main - INFO - GET /pics/pic3.png
2025-11-12 14:20:57,122 - app.main - INFO - GET /static/js/app.js
2025-11-12 14:20:57,234 - app.main - INFO - GET /api/v1/auth/me
2025-11-12 14:20:57,435 - app.main - INFO - GET /api/v1/recipes/search
2025-11-12 14:20:57,461 - app.main - INFO - GET /api/v1/recipes/filters
2025-11-12 14:20:57,489 - app.main - INFO - GET /api/v1/recipes/search
2025-11-12 14:20:57,497 - app.main - INFO - GET /favicon.ico
2025-11-12 14:20:57,562 - app.main - INFO - GET /api/v1/recipes/search
2025-11-12 14:22:45,436 - app.main - INFO - GET /api/v1/recipes/search
2025-11-12 14:22:50,296 - app.main - INFO - GET /api/v1/recipes/search
2025-11-12 14:22:53,108 - app.main - INFO - GET /api/v1/recipes/6
2025-11-12 14:28:25,449 - app.main - INFO - GET /api/v1/recipes/search
2025-11-12 14:28:25,463 - app.main - INFO - GET /favicon.ico
2025-11-12 14:31:55,010 - app.main - INFO - GET /
2025-11-12 14:31:55,055 - app.main - INFO - GET /static/css/style.css
2025-11-12 14:31:55,066 - app.main - INFO - GET /static/js/app.js
2025-11-12 14:31:55,109 - app.main - INFO - GET /api/v1/recipes/filters
2025-11-12 14:31:55,205 - app.main - INFO - GET /api/v1/recipes/search
2025-11-12 14:31:55,219 - app.main - INFO - GET /favicon.ico
2025-11-12 14:32:05,781 - app.main - INFO - GET /
2025-11-12 14:32:05,820 - app.main - INFO - GET /api/v1/recipes/filters
2025-11-12 14:32:05,888 - app.main - INFO - GET /api/v1/recipes/search
2025-11-12 14:35:11,587 - app.main - INFO - GET /
2025-11-12 14:35:11,655 - app.main - INFO - GET /api/v1/recipes/filters
2025-11-12 14:35:11,730 - app.main - INFO - GET /api/v1/recipes/search
2025-11-12 14:35:11,751 - app.main - INFO - GET /favicon.ico
2025-11-12 14:35:14,800 - app.main - INFO - GET /
2025-11-12 14:35:14,840 - app.main - INFO - GET /api/v1/recipes/filters
2025-11-12 14:35:14,904 - app.main - INFO - GET /api/v1/recipes/search
2025-11-12 14:35:15,040 - app.main - INFO - GET /
2025-11-12 14:35:15,090 - app.main - INFO - GET /api/v1/recipes/filters
2025-11-12 14:35:15,155 - app.main - INFO - GET /api/v1/recipes/search
2025-11-12 14:35:15,263 - app.main - INFO - GET /
2025-11-12 14:35:15,305 - app.main - INFO - GET /api/v1/recipes/filters
2025-11-12 14:35:15,361 - app.main - INFO - GET /api/v1/recipes/search
2025-11-12 14:35:15,477 - app.main - INFO - GET /
2025-11-12 14:35:15,522 - app.main - INFO - GET /api/v1/recipes/filters
2025-11-12 14:35:15,570 - app.main - INFO - GET /api/v1/recipes/search
2025-11-12 14:35:15,683 - app.main - INFO - GET /
2025-11-12 14:35:15,756 - app.main - INFO - GET /api/v1/recipes/filters
2025-11-12 14:35:15,822 - app.main - INFO - GET /api/v1/recipes/search
2025-11-12 14:35:15,918 - app.main - INFO - GET /
2025-11-12 14:35:15,981 - app.main - INFO - GET /api/v1/recipes/filters
2025-11-12 14:35:16,028 - app.main - INFO - GET /api/v1/recipes/search
2025-11-12 14:35:16,114 - app.main - INFO - GET /
2025-11-12 14:35:16,194 - app.main - INFO - GET /api/v1/recipes/filters
2025-11-12 14:35:16,230 - app.main - INFO - GET /api/v1/recipes/search
2025-11-12 14:35:16,306 - app.main - INFO - GET /
2025-11-12 14:35:16,408 - app.main - INFO - GET /api/v1/recipes/filters
2025-11-12 14:35:16,439 - app.main - INFO - GET /api/v1/recipes/search
2025-11-12 14:35:16,568 - app.main - INFO - GET /
2025-11-12 14:35:16,611 - app.main - INFO - GET /api/v1/recipes/filters
2025-11-12 14:35:16,673 - app.main - INFO - GET /api/v1/recipes/search
2025-11-12 14:35:20,781 - app.main - INFO - GET /api/v1/recipes/search
2025-11-12 14:35:26,938 - app.main - INFO - GET /api/v1/recipes/search
2025-11-12 14:38:25,775 - app.main - INFO - GET /
2025-11-12 14:38:25,811 - app.main - INFO - GET /static/css/style.css
2025-11-12 14:38:25,825 - app.main - INFO - GET /static/js/app.js
2025-11-12 14:38:25,868 - app.main - INFO - GET /api/v1/recipes/filters
2025-11-12 14:38:25,960 - app.main - INFO - GET /api/v1/recipes/search
2025-11-12 14:38:25,965 - app.main - INFO - GET /favicon.ico
2025-11-12 14:38:28,100 - app.main - INFO - GET /
2025-11-12 14:38:28,158 - app.main - INFO - GET /api/v1/recipes/filters
2025-11-12 14:38:28,214 - app.main - INFO - GET /api/v1/recipes/search
2025-11-12 14:38:28,317 - app.main - INFO - GET /
2025-11-12 14:38:28,369 - app.main - INFO - GET /api/v1/recipes/filters
2025-11-12 14:38:28,427 - app.main - INFO - GET /api/v1/recipes/search
2025-11-12 14:38:28,524 - app.main - INFO - GET /
2025-11-12 14:38:28,585 - app.main - INFO - GET /api/v1/recipes/filters
2025-11-12 14:38:28,637 - app.main - INFO - GET /api/v1/recipes/search
2025-11-12 14:38:28,729 - app.main - INFO - GET /
2025-11-12 14:38:28,788 - app.main - INFO - GET /api/v1/recipes/filters
2025-11-12 14:38:28,841 - app.main - INFO - GET /api/v1/recipes/search
2025-11-12 14:38:28,922 - app.main - INFO - GET /
2025-11-12 14:38:28,976 - app.main - INFO - GET /api/v1/recipes/filters
2025-11-12 14:38:29,024 - app.main - INFO - GET /api/v1/recipes/search
2025-11-12 14:38:29,067 - app.main - INFO - GET /
2025-11-12 14:38:29,185 - app.main - INFO - GET /api/v1/recipes/filters
2025-11-12 14:38:29,218 - app.main - INFO - GET /api/v1/recipes/search
2025-11-12 14:38:29,279 - app.main - INFO - GET /
2025-11-12 14:38:29,386 - app.main - INFO - GET /api/v1/recipes/filters
2025-11-12 14:38:29,419 - app.main - INFO - GET /api/v1/recipes/search
2025-11-12 14:38:29,466 - app.main - INFO - GET /
2025-11-12 14:38:29,555 - app.main - INFO - GET /api/v1/recipes/filters
2025-11-12 14:38:29,595 - app.main - INFO - GET /api/v1/recipes/search
2025-11-12 14:38:29,660 - app.main - INFO - GET /
2025-11-12 14:38:29,762 - app.main - INFO - GET /api/v1/recipes/filters
2025-11-12 14:38:29,809 - app.main - INFO - GET /api/v1/recipes/search
2025-11-12 14:38:29,879 - app.main - INFO - GET /
2025-11-12 14:38:29,988 - app.main - INFO - GET /api/v1/recipes/filters
2025-11-12 14:38:30,022 - app.main - INFO - GET /api/v1/recipes/search
2025-11-12 14:39:46,014 - app.main - INFO - GET /
2025-11-12 14:39:46,071 - app.main - INFO - GET /static/css/style.css
2025-11-12 14:39:46,121 - app.main - INFO - GET /api/v1/recipes/filters
2025-11-12 14:39:46,216 - app.main - INFO - GET /api/v1/recipes/search
2025-11-12 14:39:46,231 - app.main - INFO - GET /favicon.ico
2025-11-12 14:43:32,895 - app.main - INFO - GET /
2025-11-12 14:43:33,070 - app.main - INFO - GET /static/css/style.css
2025-11-12 14:43:33,080 - app.main - INFO - GET /static/js/app.js
2025-11-12 14:43:33,105 - app.main - INFO - GET /api/v1/recipes/filters
2025-11-12 14:43:33,188 - app.main - INFO - GET /api/v1/recipes/search
2025-11-12 14:43:33,202 - app.main - INFO - GET /favicon.ico
2025-11-12 14:43:36,309 - app.main - INFO - GET /
2025-11-12 14:43:36,365 - app.main - INFO - GET /api/v1/recipes/filters
2025-11-12 14:43:36,416 - app.main - INFO - GET /api/v1/recipes/search
2025-11-12 14:43:57,201 - app.main - INFO - GET /
2025-11-12 14:43:57,254 - app.main - INFO - GET /static/css/style.css
2025-11-12 14:43:57,290 - app.main - INFO - GET /api/v1/recipes/filters
2025-11-12 14:43:57,349 - app.main - INFO - GET /api/v1/recipes/search
2025-11-12 14:43:57,360 - app.main - INFO - GET /favicon.ico
2025-11-12 14:43:59,308 - app.main - INFO - GET /
2025-11-12 14:43:59,349 - app.main - INFO - GET /static/css/style.css
2025-11-12 14:43:59,375 - app.main - INFO - GET /api/v1/recipes/filters
2025-11-12 14:43:59,453 - app.main - INFO - GET /api/v1/recipes/search
2025-11-12 14:43:59,468 - app.main - INFO - GET /favicon.ico
2025-11-12 14:44:00,106 - app.main - INFO - GET /
2025-11-12 14:44:00,162 - app.main - INFO - GET /static/css/style.css
2025-11-12 14:44:00,184 - app.main - INFO - GET /api/v1/recipes/filters
2025-11-12 14:44:00,266 - app.main - INFO - GET /api/v1/recipes/search
2025-11-12 14:44:00,282 - app.main - INFO - GET /favicon.ico
2025-11-12 14:52:18,875 - app.main - INFO - GET /
2025-11-12 14:52:18,917 - app.main - INFO - GET /static/css/style.css
2025-11-12 14:52:18,919 - app.main - INFO - GET /static/js/app.js
2025-11-12 14:52:18,966 - app.main - INFO - GET /api/v1/recipes/filters
2025-11-12 14:52:19,133 - app.main - INFO - GET /api/v1/recipes/search
2025-11-12 14:52:19,143 - app.main - INFO - GET /favicon.ico
2025-11-12 14:52:21,863 - app.main - INFO - GET /
2025-11-12 14:52:21,916 - app.main - INFO - GET /api/v1/recipes/filters
2025-11-12 14:52:21,980 - app.main - INFO - GET /api/v1/recipes/search
2025-11-12 14:52:22,965 - app.main - INFO - GET /
2025-11-12 14:52:23,023 - app.main - INFO - GET /api/v1/recipes/filters
2025-11-12 14:52:23,089 - app.main - INFO - GET /api/v1/recipes/search
2025-11-12 14:52:23,194 - app.main - INFO - GET /
2025-11-12 14:52:23,271 - app.main - INFO - GET /static/css/style.css
2025-11-12 14:52:23,300 - app.main - INFO - GET /api/v1/recipes/filters
2025-11-12 14:52:23,394 - app.main - INFO - GET /api/v1/recipes/search
2025-11-12 14:52:23,411 - app.main - INFO - GET /favicon.ico
2025-11-12 14:52:23,573 - app.main - INFO - GET /
2025-11-12 14:52:23,630 - app.main - INFO - GET /api/v1/recipes/filters
2025-11-12 14:52:23,701 - app.main - INFO - GET /api/v1/recipes/search
2025-11-12 14:52:23,803 - app.main - INFO - GET /
2025-11-12 14:52:23,867 - app.main - INFO - GET /api/v1/recipes/filters
2025-11-12 14:52:23,938 - app.main - INFO - GET /api/v1/recipes/search
2025-11-12 14:52:23,977 - app.main - INFO - GET /
2025-11-12 14:52:24,088 - app.main - INFO - GET /api/v1/recipes/filters
2025-11-12 14:52:24,167 - app.main - INFO - GET /api/v1/recipes/search
2025-11-12 14:52:24,175 - app.main - INFO - GET /
2025-11-12 14:52:24,262 - app.main - INFO - GET /api/v1/recipes/filters
2025-11-12 14:52:24,310 - app.main - INFO - GET /api/v1/recipes/search
2025-11-12 14:52:24,391 - app.main - INFO - GET /
2025-11-12 14:52:24,497 - app.main - INFO - GET /api/v1/recipes/filters
2025-11-12 14:52:24,545 - app.main - INFO - GET /api/v1/recipes/search
2025-11-12 14:52:36,966 - app.main - INFO - GET /
2025-11-12 14:52:37,034 - app.main - INFO - GET /static/css/style.css
2025-11-12 14:52:37,043 - app.main - INFO - GET /static/js/app.js
2025-11-12 14:52:37,050 - app.main - INFO - GET /static/css/print.css
2025-11-12 14:52:37,425 - app.main - INFO - GET /api/v1/recipes/filters
2025-11-12 14:52:37,519 - app.main - INFO - GET /api/v1/recipes/search
2025-11-12 14:52:37,684 - app.main - INFO - GET /favicon.ico
2025-11-12 14:57:56,078 - app.main - INFO - GET /
2025-11-12 14:57:56,205 - app.main - INFO - GET /static/css/style.css
2025-11-12 14:57:56,206 - app.main - INFO - GET /static/pics/burger.jpg
2025-11-12 14:57:56,218 - app.main - INFO - GET /static/pics/pizza.jpg
2025-11-12 14:57:56,226 - app.main - INFO - GET /static/pics/salad.jpg
2025-11-12 14:57:56,287 - app.main - INFO - GET /api/v1/recipes/filters
2025-11-12 14:57:56,373 - app.main - INFO - GET /api/v1/recipes/search
2025-11-12 14:57:56,376 - app.main - INFO - GET /favicon.ico
2025-11-12 15:00:04,316 - app.main - INFO - GET /
2025-11-12 15:00:04,355 - app.main - INFO - GET /static/css/style.css
2025-11-12 15:00:04,363 - app.main - INFO - GET /static/pics/burger.jpg
2025-11-12 15:00:04,365 - app.main - INFO - GET /static/pics/pizza.jpg
2025-11-12 15:00:04,377 - app.main - INFO - GET /static/pics/salad.jpg
2025-11-12 15:00:04,379 - app.main - INFO - GET /static/js/app.js
2025-11-12 15:00:04,420 - app.main - INFO - GET /api/v1/recipes/filters
2025-11-12 15:00:04,537 - app.main - INFO - GET /api/v1/recipes/search
2025-11-12 15:00:04,543 - app.main - INFO - GET /favicon.ico
2025-11-12 15:00:06,585 - app.main - INFO - GET /
2025-11-12 15:00:06,642 - app.main - INFO - GET /static/pics/burger.jpg
2025-11-12 15:00:06,652 - app.main - INFO - GET /static/pics/pizza.jpg
2025-11-12 15:00:06,653 - app.main - INFO - GET /static/pics/salad.jpg
2025-11-12 15:00:06,654 - app.main - INFO - GET /api/v1/recipes/filters
2025-11-12 15:00:06,781 - app.main - INFO - GET /api/v1/recipes/search
2025-11-12 15:00:08,364 - app.main - INFO - GET /
2025-11-12 15:00:08,403 - app.main - INFO - GET /static/pics/burger.jpg
2025-11-12 15:00:08,420 - app.main - INFO - GET /static/pics/pizza.jpg
2025-11-12 15:00:08,422 - app.main - INFO - GET /static/pics/salad.jpg
2025-11-12 15:00:08,422 - app.main - INFO - GET /api/v1/recipes/filters
2025-11-12 15:00:08,516 - app.main - INFO - GET /api/v1/recipes/search
2025-11-12 15:00:09,192 - app.main - INFO - GET /
2025-11-12 15:00:09,228 - app.main - INFO - GET /static/pics/burger.jpg
2025-11-12 15:00:09,250 - app.main - INFO - GET /static/pics/pizza.jpg
2025-11-12 15:00:09,251 - app.main - INFO - GET /static/pics/salad.jpg
2025-11-12 15:00:09,252 - app.main - INFO - GET /api/v1/recipes/filters
2025-11-12 15:00:09,360 - app.main - INFO - GET /api/v1/recipes/search
2025-11-12 15:01:07,286 - app.main - INFO - GET /
2025-11-12 15:01:07,323 - app.main - INFO - GET /static/css/style.css
2025-11-12 15:01:07,335 - app.main - INFO - GET /static/pics/burger.jpg
2025-11-12 15:01:07,337 - app.main - INFO - GET /static/pics/pizza.jpg
2025-11-12 15:01:07,351 - app.main - INFO - GET /static/pics/salad.jpg
2025-11-12 15:01:07,372 - app.main - INFO - GET /api/v1/recipes/filters
2025-11-12 15:01:07,486 - app.main - INFO - GET /api/v1/recipes/search
2025-11-12 15:01:07,494 - app.main - INFO - GET /favicon.ico
2025-11-12 15:01:09,309 - app.main - INFO - GET /
2025-11-12 15:01:09,347 - app.main - INFO - GET /static/pics/burger.jpg
2025-11-12 15:01:09,367 - app.main - INFO - GET /static/pics/pizza.jpg
2025-11-12 15:01:09,369 - app.main - INFO - GET /static/pics/salad.jpg
2025-11-12 15:01:09,371 - app.main - INFO - GET /api/v1/recipes/filters
2025-11-12 15:01:09,505 - app.main - INFO - GET /api/v1/recipes/search
2025-11-12 15:01:10,569 - app.main - INFO - GET /
2025-11-12 15:01:10,607 - app.main - INFO - GET /static/pics/burger.jpg
2025-11-12 15:01:10,629 - app.main - INFO - GET /static/pics/pizza.jpg
2025-11-12 15:01:10,631 - app.main - INFO - GET /static/pics/salad.jpg
2025-11-12 15:01:10,633 - app.main - INFO - GET /api/v1/recipes/filters
2025-11-12 15:01:10,739 - app.main - INFO - GET /api/v1/recipes/search
2025-11-12 15:01:11,677 - app.main - INFO - GET /
2025-11-12 15:01:11,718 - app.main - INFO - GET /static/pics/burger.jpg
2025-11-12 15:01:11,735 - app.main - INFO - GET /static/pics/pizza.jpg
2025-11-12 15:01:11,736 - app.main - INFO - GET /static/pics/salad.jpg
2025-11-12 15:01:11,738 - app.main - INFO - GET /api/v1/recipes/filters
2025-11-12 15:01:11,876 - app.main - INFO - GET /api/v1/recipes/search
2025-11-12 15:01:43,829 - app.main - INFO - GET /
2025-11-12 15:01:43,963 - app.main - INFO - GET /static/css/style.css
2025-11-12 15:01:43,970 - app.main - INFO - GET /static/pics/burger.jpg
2025-11-12 15:01:43,975 - app.main - INFO - GET /static/pics/pizza.jpg
2025-11-12 15:01:43,985 - app.main - INFO - GET /static/pics/salad.jpg
2025-11-12 15:01:44,013 - app.main - INFO - GET /api/v1/recipes/filters
2025-11-12 15:01:44,102 - app.main - INFO - GET /api/v1/recipes/search
2025-11-12 15:01:44,116 - app.main - INFO - GET /favicon.ico
2025-11-12 15:01:46,705 - app.main - INFO - GET /
2025-11-12 15:01:46,760 - app.main - INFO - GET /static/pics/burger.jpg
2025-11-12 15:01:46,768 - app.main - INFO - GET /static/pics/pizza.jpg
2025-11-12 15:01:46,770 - app.main - INFO - GET /static/pics/salad.jpg
2025-11-12 15:01:46,771 - app.main - INFO - GET /api/v1/recipes/filters
2025-11-12 15:01:46,885 - app.main - INFO - GET /api/v1/recipes/search
2025-11-12 15:01:46,887 - app.main - INFO - GET /favicon.ico
2025-11-12 15:01:47,669 - app.main - INFO - GET /
2025-11-12 15:01:47,717 - app.main - INFO - GET /static/pics/burger.jpg
2025-11-12 15:01:47,726 - app.main - INFO - GET /static/pics/pizza.jpg
2025-11-12 15:01:47,728 - app.main - INFO - GET /static/pics/salad.jpg
2025-11-12 15:01:47,729 - app.main - INFO - GET /api/v1/recipes/filters
2025-11-12 15:01:47,826 - app.main - INFO - GET /api/v1/recipes/search
2025-11-12 15:01:47,835 - app.main - INFO - GET /favicon.ico
2025-11-12 15:01:47,904 - app.main - INFO - GET /
2025-11-12 15:01:47,970 - app.main - INFO - GET /static/pics/burger.jpg
2025-11-12 15:01:47,979 - app.main - INFO - GET /static/pics/pizza.jpg
2025-11-12 15:01:47,980 - app.main - INFO - GET /static/pics/salad.jpg
2025-11-12 15:01:47,982 - app.main - INFO - GET /api/v1/recipes/filters
2025-11-12 15:01:48,078 - app.main - INFO - GET /api/v1/recipes/search
2025-11-12 15:01:48,082 - app.main - INFO - GET /favicon.ico
2025-11-12 15:01:48,086 - app.main - INFO - GET /
2025-11-12 15:01:48,160 - app.main - INFO - GET /static/pics/burger.jpg
2025-11-12 15:01:48,164 - app.main - INFO - GET /static/pics/pizza.jpg
2025-11-12 15:01:48,166 - app.main - INFO - GET /static/pics/salad.jpg
2025-11-12 15:01:48,166 - app.main - INFO - GET /api/v1/recipes/filters
2025-11-12 15:01:48,268 - app.main - INFO - GET /api/v1/recipes/search
2025-11-12 15:01:48,277 - app.main - INFO - GET /
2025-11-12 15:01:48,367 - app.main - INFO - GET /static/pics/burger.jpg
2025-11-12 15:01:48,372 - app.main - INFO - GET /static/pics/pizza.jpg
2025-11-12 15:01:48,373 - app.main - INFO - GET /static/pics/salad.jpg
2025-11-12 15:01:48,375 - app.main - INFO - GET /api/v1/recipes/filters
2025-11-12 15:01:48,459 - app.main - INFO - GET /api/v1/recipes/search
2025-11-12 15:01:48,482 - app.main - INFO - GET /
2025-11-12 15:01:48,576 - app.main - INFO - GET /static/pics/burger.jpg
2025-11-12 15:01:48,581 - app.main - INFO - GET /static/pics/pizza.jpg
2025-11-12 15:01:48,583 - app.main - INFO - GET /static/pics/salad.jpg
2025-11-12 15:01:48,584 - app.main - INFO - GET /api/v1/recipes/filters
2025-11-12 15:01:48,664 - app.main - INFO - GET /api/v1/recipes/search
2025-11-12 15:01:48,757 - app.main - INFO - GET /
2025-11-12 15:01:48,843 - app.main - INFO - GET /static/pics/burger.jpg
2025-11-12 15:01:48,849 - app.main - INFO - GET /static/pics/pizza.jpg
2025-11-12 15:01:48,850 - app.main - INFO - GET /static/pics/salad.jpg
2025-11-12 15:01:48,851 - app.main - INFO - GET /api/v1/recipes/filters
2025-11-12 15:01:48,941 - app.main - INFO - GET /api/v1/recipes/search
2025-11-12 15:05:33,773 - app.main - INFO - GET /
2025-11-12 15:05:33,909 - app.main - INFO - GET /static/css/style.css
2025-11-12 15:05:33,913 - app.main - INFO - GET /static/pics/burger.jpg
2025-11-12 15:05:33,915 - app.main - INFO - GET /static/pics/pizza.jpg
2025-11-12 15:05:33,926 - app.main - INFO - GET /static/pics/salad.jpg
2025-11-12 15:05:33,940 - app.main - INFO - GET /api/v1/recipes/filters
2025-11-12 15:05:34,032 - app.main - INFO - GET /api/v1/recipes/search
2025-11-12 15:05:34,046 - app.main - INFO - GET /favicon.ico
2025-11-12 15:05:36,043 - app.main - INFO - GET /
2025-11-12 15:05:36,088 - app.main - INFO - GET /static/pics/burger.jpg
2025-11-12 15:05:36,093 - app.main - INFO - GET /static/pics/pizza.jpg
2025-11-12 15:05:36,095 - app.main - INFO - GET /static/pics/salad.jpg
2025-11-12 15:05:36,097 - app.main - INFO - GET /api/v1/recipes/filters
2025-11-12 15:05:36,194 - app.main - INFO - GET /api/v1/recipes/search
2025-11-12 15:05:36,843 - app.main - INFO - GET /
2025-11-12 15:05:36,900 - app.main - INFO - GET /static/pics/burger.jpg
2025-11-12 15:05:36,912 - app.main - INFO - GET /static/pics/pizza.jpg
2025-11-12 15:05:36,913 - app.main - INFO - GET /static/pics/salad.jpg
2025-11-12 15:05:36,914 - app.main - INFO - GET /api/v1/recipes/filters
2025-11-12 15:05:36,992 - app.main - INFO - GET /api/v1/recipes/search
2025-11-12 15:05:37,085 - app.main - INFO - GET /
2025-11-12 15:05:37,146 - app.main - INFO - GET /static/pics/burger.jpg
2025-11-12 15:05:37,149 - app.main - INFO - GET /static/pics/salad.jpg
2025-11-12 15:05:37,149 - app.main - INFO - GET /static/pics/pizza.jpg
2025-11-12 15:05:37,150 - app.main - INFO - GET /api/v1/recipes/filters
2025-11-12 15:05:37,248 - app.main - INFO - GET /api/v1/recipes/search
2025-11-12 15:05:37,307 - app.main - INFO - GET /
2025-11-12 15:05:37,372 - app.main - INFO - GET /static/pics/burger.jpg
2025-11-12 15:05:37,383 - app.main - INFO - GET /static/pics/pizza.jpg
2025-11-12 15:05:37,384 - app.main - INFO - GET /static/pics/salad.jpg
2025-11-12 15:05:37,386 - app.main - INFO - GET /api/v1/recipes/filters
2025-11-12 15:05:37,473 - app.main - INFO - GET /api/v1/recipes/search
2025-11-12 15:05:37,510 - app.main - INFO - GET /
2025-11-12 15:05:37,626 - app.main - INFO - GET /static/pics/burger.jpg
2025-11-12 15:05:37,639 - app.main - INFO - GET /static/pics/pizza.jpg
2025-11-12 15:05:37,640 - app.main - INFO - GET /static/pics/salad.jpg
2025-11-12 15:05:37,641 - app.main - INFO - GET /api/v1/recipes/filters
2025-11-12 15:05:37,746 - app.main - INFO - GET /api/v1/recipes/search
2025-11-12 15:05:37,929 - app.main - INFO - GET /
2025-11-12 15:05:37,981 - app.main - INFO - GET /static/pics/burger.jpg
2025-11-12 15:05:37,990 - app.main - INFO - GET /static/pics/pizza.jpg
2025-11-12 15:05:37,991 - app.main - INFO - GET /static/pics/salad.jpg
2025-11-12 15:05:37,991 - app.main - INFO - GET /api/v1/recipes/filters
2025-11-12 15:05:38,075 - app.main - INFO - GET /api/v1/recipes/search
2025-11-12 15:05:38,162 - app.main - INFO - GET /
2025-11-12 15:05:38,241 - app.main - INFO - GET /static/pics/burger.jpg
2025-11-12 15:05:38,249 - app.main - INFO - GET /static/pics/pizza.jpg
2025-11-12 15:05:38,251 - app.main - INFO - GET /static/pics/salad.jpg
2025-11-12 15:05:38,252 - app.main - INFO - GET /api/v1/recipes/filters
2025-11-12 15:05:38,351 - app.main - INFO - GET /api/v1/recipes/search
2025-11-12 15:05:55,300 - app.main - INFO - GET /static/pics/salad.jpg
2025-11-12 15:05:55,304 - app.main - INFO - GET /static/pics/pizza.jpg
2025-11-12 15:05:59,698 - app.main - INFO - GET /
2025-11-12 15:05:59,761 - app.main - INFO - GET /api/v1/recipes/filters
2025-11-12 15:05:59,836 - app.main - INFO - GET /api/v1/recipes/search
2025-11-12 15:05:59,840 - app.main - INFO - GET /favicon.ico
2025-11-12 15:09:31,101 - app.main - INFO - GET /
2025-11-12 15:09:31,150 - app.main - INFO - GET /static/css/style.css
2025-11-12 15:09:31,155 - app.main - INFO - GET /static/js/app.js
2025-11-12 15:09:31,253 - app.main - INFO - GET /api/v1/recipes/filters
2025-11-12 15:09:31,340 - app.main - INFO - GET /api/v1/recipes/search
2025-11-12 15:09:31,346 - app.main - INFO - GET /favicon.ico
2025-11-12 15:09:33,057 - app.main - INFO - GET /
2025-11-12 15:09:33,109 - app.main - INFO - GET /api/v1/recipes/filters
2025-11-12 15:09:33,156 - app.main - INFO - GET /api/v1/recipes/search
2025-11-12 15:09:33,159 - app.main - INFO - GET /favicon.ico
2025-11-12 15:09:34,675 - app.main - INFO - GET /
2025-11-12 15:09:34,718 - app.main - INFO - GET /api/v1/recipes/filters
2025-11-12 15:09:34,794 - app.main - INFO - GET /api/v1/recipes/search
2025-11-12 15:09:34,805 - app.main - INFO - GET /favicon.ico
2025-11-12 15:09:35,613 - app.main - INFO - GET /
2025-11-12 15:09:35,659 - app.main - INFO - GET /api/v1/recipes/filters
2025-11-12 15:09:35,718 - app.main - INFO - GET /api/v1/recipes/search
2025-11-12 15:09:35,720 - app.main - INFO - GET /favicon.ico
2025-11-12 15:09:35,854 - app.main - INFO - GET /
2025-11-12 15:09:35,917 - app.main - INFO - GET /api/v1/recipes/filters
2025-11-12 15:09:35,989 - app.main - INFO - GET /api/v1/recipes/search
2025-11-12 15:09:36,000 - app.main - INFO - GET /favicon.ico
2025-11-12 15:09:36,091 - app.main - INFO - GET /
2025-11-12 15:09:36,143 - app.main - INFO - GET /api/v1/recipes/filters
2025-11-12 15:09:36,202 - app.main - INFO - GET /api/v1/recipes/search
2025-11-12 15:09:36,205 - app.main - INFO - GET /favicon.ico
2025-11-12 15:09:36,291 - app.main - INFO - GET /
2025-11-12 15:09:36,346 - app.main - INFO - GET /api/v1/recipes/filters
2025-11-12 15:09:36,392 - app.main - INFO - GET /api/v1/recipes/search
2025-11-12 15:09:36,403 - app.main - INFO - GET /favicon.ico
2025-11-12 15:09:36,487 - app.main - INFO - GET /
2025-11-12 15:09:36,561 - app.main - INFO - GET /api/v1/recipes/filters
2025-11-12 15:09:36,611 - app.main - INFO - GET /api/v1/recipes/search
2025-11-12 15:09:36,615 - app.main - INFO - GET /favicon.ico
2025-11-12 15:09:36,696 - app.main - INFO - GET /
2025-11-12 15:09:36,757 - app.main - INFO - GET /api/v1/recipes/filters
2025-11-12 15:09:36,808 - app.main - INFO - GET /api/v1/recipes/search
2025-11-12 15:09:36,819 - app.main - INFO - GET /favicon.ico
2025-11-12 15:09:36,896 - app.main - INFO - GET /
2025-11-12 15:09:36,963 - app.main - INFO - GET /api/v1/recipes/filters
2025-11-12 15:09:36,998 - app.main - INFO - GET /api/v1/recipes/search
2025-11-12 15:09:37,017 - app.main - INFO - GET /favicon.ico
2025-11-12 15:09:37,085 - app.main - INFO - GET /
2025-11-12 15:09:37,169 - app.main - INFO - GET /api/v1/recipes/filters
2025-11-12 15:09:37,220 - app.main - INFO - GET /api/v1/recipes/search
2025-11-12 15:09:37,233 - app.main - INFO - GET /favicon.ico
2025-11-12 15:09:37,277 - app.main - INFO - GET /
2025-11-12 15:09:37,387 - app.main - INFO - GET /api/v1/recipes/filters
2025-11-12 15:09:37,391 - app.main - INFO - GET /favicon.ico
2025-11-12 15:09:37,422 - app.main - INFO - GET /api/v1/recipes/search
2025-11-12 15:09:37,486 - app.main - INFO - GET /
2025-11-12 15:09:37,568 - app.main - INFO - GET /api/v1/recipes/filters
2025-11-12 15:09:37,593 - app.main - INFO - GET /favicon.ico
2025-11-12 15:09:37,613 - app.main - INFO - GET /api/v1/recipes/search
2025-11-12 15:09:37,687 - app.main - INFO - GET /
2025-11-12 15:09:37,785 - app.main - INFO - GET /api/v1/recipes/filters
2025-11-12 15:09:37,804 - app.main - INFO - GET /favicon.ico
2025-11-12 15:09:37,818 - app.main - INFO - GET /api/v1/recipes/search
2025-11-12 15:09:37,892 - app.main - INFO - GET /
2025-11-12 15:09:37,993 - app.main - INFO - GET /api/v1/recipes/filters
2025-11-12 15:09:38,010 - app.main - INFO - GET /favicon.ico
2025-11-12 15:09:38,030 - app.main - INFO - GET /api/v1/recipes/search
2025-11-12 15:09:38,091 - app.middleware.rate_limit - WARNING - Rate limit exceeded for 127.0.0.1
2025-11-12 15:09:38,318 - app.middleware.rate_limit - WARNING - Rate limit exceeded for 127.0.0.1
2025-11-12 15:09:38,460 - app.middleware.rate_limit - WARNING - Rate limit exceeded for 127.0.0.1
2025-11-12 15:09:38,668 - app.middleware.rate_limit - WARNING - Rate limit exceeded for 127.0.0.1
2025-11-12 15:09:38,917 - app.middleware.rate_limit - WARNING - Rate limit exceeded for 127.0.0.1
2025-11-12 15:09:40,282 - app.middleware.rate_limit - WARNING - Rate limit exceeded for 127.0.0.1
2025-11-12 15:09:40,519 - app.middleware.rate_limit - WARNING - Rate limit exceeded for 127.0.0.1
2025-11-12 15:09:45,311 - app.middleware.rate_limit - WARNING - Rate limit exceeded for 127.0.0.1
2025-11-12 15:09:45,619 - app.middleware.rate_limit - WARNING - Rate limit exceeded for 127.0.0.1
2025-11-12 15:09:53,400 - app.middleware.rate_limit - WARNING - Rate limit exceeded for 127.0.0.1
2025-11-12 15:09:53,610 - app.middleware.rate_limit - WARNING - Rate limit exceeded for 127.0.0.1
2025-11-12 15:13:53,724 - app.main - INFO - Datenbank-Tabellen erfolgreich erstellt/validiert
2025-11-12 15:13:53,918 - app.main - INFO - GET /
2025-11-12 15:13:54,117 - app.main - INFO - GET /static/css/style.css
2025-11-12 15:13:54,154 - app.main - INFO - GET /api/v1/recipes/filters
2025-11-12 15:13:54,345 - app.main - INFO - GET /api/v1/recipes/search
2025-11-12 15:13:54,378 - app.main - INFO - GET /favicon.ico
2025-11-12 15:15:44,520 - app.main - INFO - GET /
2025-11-12 15:15:44,681 - app.main - INFO - GET /static/css/style.css
2025-11-12 15:15:44,721 - app.main - INFO - GET /api/v1/recipes/filters
2025-11-12 15:15:44,804 - app.main - INFO - GET /api/v1/recipes/search
2025-11-12 15:15:44,814 - app.main - INFO - GET /favicon.ico
2025-11-12 15:18:21,452 - app.main - INFO - GET /
2025-11-12 15:18:21,609 - app.main - INFO - GET /static/css/style.css
2025-11-12 15:18:21,635 - app.main - INFO - GET /static/js/app.js
2025-11-12 15:18:21,671 - app.main - INFO - GET /api/v1/recipes/filters
2025-11-12 15:18:21,759 - app.main - INFO - GET /api/v1/recipes/search
2025-11-12 15:18:21,769 - app.main - INFO - GET /favicon.ico
2025-11-12 15:18:26,274 - app.main - INFO - GET /
2025-11-12 15:18:26,326 - app.main - INFO - GET /api/v1/recipes/filters
2025-11-12 15:18:26,376 - app.main - INFO - GET /api/v1/recipes/search
2025-11-12 15:18:26,380 - app.main - INFO - GET /favicon.ico
2025-11-12 15:20:31,755 - app.main - INFO - GET /
2025-11-12 15:20:31,911 - app.main - INFO - GET /static/css/style.css
2025-11-12 15:20:31,987 - app.main - INFO - GET /api/v1/recipes/filters
2025-11-12 15:20:32,070 - app.main - INFO - GET /api/v1/recipes/search
2025-11-12 15:20:32,074 - app.main - INFO - GET /favicon.ico
2025-11-12 15:22:36,353 - app.main - INFO - GET /
2025-11-12 15:22:36,477 - app.main - INFO - GET /static/css/style.css
2025-11-12 15:22:36,541 - app.main - INFO - GET /api/v1/recipes/filters
2025-11-12 15:22:36,627 - app.main - INFO - GET /api/v1/recipes/search
2025-11-12 15:22:36,632 - app.main - INFO - GET /favicon.ico
2025-11-12 15:24:18,162 - app.main - INFO - GET /
2025-11-12 15:24:18,310 - app.main - INFO - GET /static/css/style.css
2025-11-12 15:24:18,387 - app.main - INFO - GET /api/v1/recipes/filters
2025-11-12 15:24:18,469 - app.main - INFO - GET /api/v1/recipes/search
2025-11-12 15:24:18,477 - app.main - INFO - GET /favicon.ico
2025-11-12 15:24:21,037 - app.main - INFO - GET /
2025-11-12 15:24:21,085 - app.main - INFO - GET /static/css/style.css
2025-11-12 15:24:21,106 - app.main - INFO - GET /api/v1/recipes/filters
2025-11-12 15:24:21,180 - app.main - INFO - GET /api/v1/recipes/search
2025-11-12 15:24:21,190 - app.main - INFO - GET /favicon.ico
2025-11-12 15:26:18,946 - app.main - INFO - GET /
2025-11-12 15:26:19,082 - app.main - INFO - GET /static/css/style.css
2025-11-12 15:26:19,118 - app.main - INFO - GET /api/v1/recipes/filters
2025-11-12 15:26:19,201 - app.main - INFO - GET /api/v1/recipes/search
2025-11-12 15:26:19,210 - app.main - INFO - GET /favicon.ico
2025-11-12 15:26:22,408 - app.main - INFO - GET /
2025-11-12 15:26:22,453 - app.main - INFO - GET /api/v1/recipes/filters
2025-11-12 15:26:22,508 - app.main - INFO - GET /api/v1/recipes/search
2025-11-12 15:27:36,188 - app.main - INFO - GET /
2025-11-12 15:27:36,383 - app.main - INFO - GET /static/css/style.css
2025-11-12 15:27:36,411 - app.main - INFO - GET /static/js/app.js
2025-11-12 15:27:36,457 - app.main - INFO - GET /api/v1/recipes/filters
2025-11-12 15:27:36,552 - app.main - INFO - GET /api/v1/recipes/search
2025-11-12 15:27:36,561 - app.main - INFO - GET /favicon.ico
2025-11-12 15:28:42,452 - app.main - INFO - GET /
2025-11-12 15:28:42,626 - app.main - INFO - GET /static/css/style.css
2025-11-12 15:28:42,686 - app.main - INFO - GET /api/v1/recipes/filters
2025-11-12 15:28:42,788 - app.main - INFO - GET /api/v1/recipes/search
2025-11-12 15:28:42,793 - app.main - INFO - GET /favicon.ico
2025-11-12 15:28:44,801 - app.main - INFO - GET /
2025-11-12 15:28:44,845 - app.main - INFO - GET /static/css/style.css
2025-11-12 15:28:44,862 - app.main - INFO - GET /api/v1/recipes/filters
2025-11-12 15:28:44,935 - app.main - INFO - GET /api/v1/recipes/search
2025-11-12 15:28:45,807 - app.main - INFO - GET /
2025-11-12 15:28:45,848 - app.main - INFO - GET /static/css/style.css
2025-11-12 15:28:45,872 - app.main - INFO - GET /api/v1/recipes/filters
2025-11-12 15:28:45,960 - app.main - INFO - GET /api/v1/recipes/search
2025-11-12 15:28:46,318 - app.main - INFO - GET /
2025-11-12 15:28:46,372 - app.main - INFO - GET /api/v1/recipes/filters
2025-11-12 15:28:46,420 - app.main - INFO - GET /api/v1/recipes/search
2025-11-12 15:28:46,550 - app.main - INFO - GET /
2025-11-12 15:28:46,612 - app.main - INFO - GET /api/v1/recipes/filters
2025-11-12 15:28:46,684 - app.main - INFO - GET /api/v1/recipes/search
2025-11-12 15:28:46,796 - app.main - INFO - GET /
2025-11-12 15:28:46,861 - app.main - INFO - GET /static/css/style.css
2025-11-12 15:28:46,880 - app.main - INFO - GET /api/v1/recipes/filters
2025-11-12 15:28:46,977 - app.main - INFO - GET /api/v1/recipes/search
2025-11-12 15:28:47,042 - app.main - INFO - GET /
2025-11-12 15:28:47,130 - app.main - INFO - GET /api/v1/recipes/filters
2025-11-12 15:28:47,219 - app.main - INFO - GET /api/v1/recipes/search
2025-11-12 15:28:47,226 - app.main - INFO - GET /
2025-11-12 15:28:47,314 - app.main - INFO - GET /api/v1/recipes/filters
2025-11-12 15:28:47,352 - app.main - INFO - GET /api/v1/recipes/search
2025-11-12 15:28:47,434 - app.main - INFO - GET /
2025-11-12 15:28:47,533 - app.main - INFO - GET /api/v1/recipes/filters
2025-11-12 15:28:47,579 - app.main - INFO - GET /api/v1/recipes/search
2025-11-12 15:28:47,623 - app.main - INFO - GET /
2025-11-12 15:28:47,732 - app.main - INFO - GET /api/v1/recipes/filters
2025-11-12 15:28:47,771 - app.main - INFO - GET /api/v1/recipes/search
2025-11-12 15:28:47,850 - app.main - INFO - GET /
2025-11-12 15:28:47,937 - app.main - INFO - GET /static/css/style.css
2025-11-12 15:28:47,960 - app.main - INFO - GET /api/v1/recipes/filters
2025-11-12 15:28:48,056 - app.main - INFO - GET /api/v1/recipes/search
2025-11-12 15:30:59,007 - app.main - INFO - GET /api/v1/recipes/1
2025-11-12 15:31:02,785 - app.main - INFO - GET /
2025-11-12 15:31:02,835 - app.main - INFO - GET /static/css/style.css
2025-11-12 15:31:02,878 - app.main - INFO - GET /api/v1/recipes/filters
2025-11-12 15:31:02,965 - app.main - INFO - GET /api/v1/recipes/search
2025-11-12 15:31:02,979 - app.main - INFO - GET /favicon.ico
2025-11-12 15:33:03,894 - app.main - INFO - GET /
2025-11-12 15:33:04,024 - app.main - INFO - GET /static/css/style.css
2025-11-12 15:33:04,066 - app.main - INFO - GET /pics/Logo.png
2025-11-12 15:33:04,070 - app.main - INFO - GET /pics/pic1.png
2025-11-12 15:33:04,089 - app.main - INFO - GET /pics/pic2.png
2025-11-12 15:33:04,094 - app.main - INFO - GET /pics/pic3.png
2025-11-12 15:33:04,173 - app.main - INFO - GET /api/v1/recipes/filters
2025-11-12 15:33:04,275 - app.main - INFO - GET /api/v1/recipes/search
2025-11-12 15:33:04,292 - app.main - INFO - GET /favicon.ico
2025-11-12 15:34:47,718 - app.main - INFO - GET /
2025-11-12 15:34:47,844 - app.main - INFO - GET /static/css/style.css
2025-11-12 15:34:47,893 - app.main - INFO - GET /api/v1/recipes/filters
2025-11-12 15:34:47,984 - app.main - INFO - GET /api/v1/recipes/search
2025-11-12 15:34:47,987 - app.main - INFO - GET /favicon.ico
2025-11-12 15:36:42,361 - app.main - INFO - GET /
2025-11-12 15:36:42,439 - app.main - INFO - GET /static/css/style.css
2025-11-12 15:36:42,463 - app.main - INFO - GET /api/v1/recipes/filters
2025-11-12 15:36:42,622 - app.main - INFO - GET /api/v1/recipes/search
2025-11-12 15:36:42,626 - app.main - INFO - GET /favicon.ico
2025-11-12 15:36:48,804 - app.main - INFO - GET /api/v1/recipes/search
2025-11-12 15:37:16,158 - app.main - INFO - GET /api/v1/recipes/1
2025-11-12 15:41:04,592 - app.main - INFO - GET /
2025-11-12 15:41:04,636 - app.main - INFO - GET /static/css/style.css
2025-11-12 15:41:04,655 - app.main - INFO - GET /static/js/app.js
2025-11-12 15:41:04,684 - app.main - INFO - GET /api/v1/recipes/filters
2025-11-12 15:41:04,793 - app.main - INFO - GET /api/v1/recipes/search
2025-11-12 15:41:04,829 - app.main - INFO - GET /favicon.ico
2025-11-12 15:45:57,198 - app.main - INFO - GET /
2025-11-12 15:45:57,347 - app.main - INFO - GET /static/css/style.css
2025-11-12 15:45:57,427 - app.main - INFO - GET /api/v1/recipes/filters
2025-11-12 15:45:57,514 - app.main - INFO - GET /api/v1/recipes/search
2025-11-12 15:45:57,530 - app.main - INFO - GET /favicon.ico
2025-11-12 16:28:26,210 - app.main - INFO - GET /pics/pic3.png
2025-11-13 10:34:26,547 - app.main - INFO - Datenbank-Tabellen erfolgreich erstellt/validiert
2025-11-13 10:34:26,914 - app.main - INFO - GET /
2025-11-13 10:34:27,300 - app.main - INFO - GET /static/css/style.css
2025-11-13 10:34:27,302 - app.main - INFO - GET /pics/pic1.png
2025-11-13 10:34:27,303 - app.main - INFO - GET /pics/Logo.png
2025-11-13 10:34:27,363 - app.main - INFO - GET /pics/pic2.png
2025-11-13 10:34:27,394 - app.main - INFO - GET /pics/pic3.png
2025-11-13 10:34:27,406 - app.main - INFO - GET /static/js/app.js
2025-11-13 10:34:27,426 - app.main - INFO - GET /static/css/print.css
2025-11-13 10:34:27,785 - app.main - INFO - GET /favicon.ico
2025-11-13 10:41:02,761 - app.main - INFO - GET /pics/pic3.png
2025-11-13 10:41:07,967 - app.main - INFO - GET /
2025-11-13 10:41:08,039 - app.main - INFO - GET /pics/pic3.png
2025-11-13 10:47:15,742 - app.main - INFO - GET /pics/pic3.png
2025-11-13 10:47:37,951 - app.main - INFO - GET /
2025-11-13 10:47:38,042 - app.main - INFO - GET /pics/pic3.png
2025-11-13 10:47:41,346 - app.main - INFO - GET /
2025-11-13 10:49:29,260 - app.main - INFO - GET /pics/pic3.png
2025-11-13 10:49:38,203 - app.main - INFO - GET /
2025-11-13 10:49:38,288 - app.main - INFO - GET /pics/pic3.png
2025-11-13 10:49:40,422 - app.main - INFO - GET /
2025-11-13 10:49:41,783 - app.main - INFO - GET /pics/pic3.png
2025-11-13 10:49:56,890 - app.main - INFO - GET /
2025-11-13 10:49:56,957 - app.main - INFO - GET /pics/pic3.png
2025-11-13 10:49:59,294 - app.main - INFO - GET /pics/pic3.png
2025-11-13 10:50:45,625 - app.main - INFO - GET /
2025-11-13 10:50:45,739 - app.main - INFO - GET /pics/pic3.png
2025-11-13 10:50:47,613 - app.main - INFO - GET /
2025-11-13 10:52:01,327 - app.main - INFO - GET /
2025-11-13 10:52:03,050 - app.main - INFO - GET /
2025-11-13 10:52:03,261 - app.main - INFO - GET /
2025-11-13 10:52:03,484 - app.main - INFO - GET /
2025-11-13 10:52:03,690 - app.main - INFO - GET /
2025-11-13 10:52:04,259 - app.main - INFO - GET /
2025-11-13 10:56:54,830 - app.main - INFO - GET /pics/pic3.png
2025-11-13 10:56:56,892 - app.main - INFO - GET /
2025-11-13 10:56:56,978 - app.main - INFO - GET /pics/pic3.png
2025-11-13 10:56:58,533 - app.main - INFO - GET /
2025-11-13 10:56:58,803 - app.main - INFO - GET /
2025-11-13 10:56:59,008 - app.main - INFO - GET /
2025-11-13 10:56:59,401 - app.main - INFO - GET /
2025-11-13 10:57:00,387 - app.main - INFO - GET /
2025-11-13 10:57:14,240 - app.main - INFO - GET /pics/pic3.png
2025-11-13 10:59:38,340 - app.main - INFO - GET /
2025-11-13 10:59:38,509 - app.main - INFO - GET /pics/pic3.png
2025-11-13 11:00:50,072 - app.main - INFO - GET /
2025-11-13 11:00:52,526 - app.main - INFO - GET /
2025-11-13 11:00:56,395 - app.main - INFO - GET /
2025-11-13 11:02:14,472 - app.main - INFO - GET /pics/pic3.png
2025-11-13 11:02:16,943 - app.main - INFO - GET /
2025-11-13 11:02:17,037 - app.main - INFO - GET /pics/pic3.png
2025-11-13 11:02:18,479 - app.main - INFO - GET /
2025-11-13 11:02:18,727 - app.main - INFO - GET /
2025-11-13 11:02:18,918 - app.main - INFO - GET /
2025-11-13 11:02:19,121 - app.main - INFO - GET /
2025-11-13 11:02:19,345 - app.main - INFO - GET /
2025-11-13 11:02:19,550 - app.main - INFO - GET /
2025-11-13 11:02:19,765 - app.main - INFO - GET /
2025-11-13 11:02:19,987 - app.main - INFO - GET /
2025-11-13 11:02:20,216 - app.main - INFO - GET /
2025-11-13 11:02:20,399 - app.main - INFO - GET /
2025-11-13 11:02:20,612 - app.main - INFO - GET /
2025-11-13 11:02:24,174 - app.main - INFO - GET /pics/pic3.png
2025-11-13 11:03:09,570 - app.main - INFO - GET /
2025-11-13 11:03:09,693 - app.main - INFO - GET /static/css/style.css
2025-11-13 11:03:09,705 - app.main - INFO - GET /static/js/app.js
2025-11-13 11:03:09,846 - app.main - INFO - GET /pics/pic1.png
2025-11-13 11:03:09,896 - app.main - INFO - GET /pics/pic2.png
2025-11-13 11:03:09,921 - app.main - INFO - GET /pics/pic3.png
2025-11-13 11:03:10,071 - app.main - INFO - GET /static/css/print.css
2025-11-13 11:03:10,243 - app.main - INFO - GET /favicon.ico
2025-11-13 11:08:26,251 - app.main - INFO - GET /
2025-11-13 11:08:26,371 - app.main - INFO - GET /static/css/style.css
2025-11-13 11:08:26,375 - app.main - INFO - GET /pics/pic1.png
2025-11-13 11:08:26,386 - app.main - INFO - GET /pics/pic2.png
2025-11-13 11:08:26,394 - app.main - INFO - GET /pics/pic3.png
2025-11-13 11:08:26,425 - app.main - INFO - GET /static/js/app.js
2025-11-13 11:08:26,441 - app.main - INFO - GET /static/css/print.css
2025-11-13 11:08:26,769 - app.main - INFO - GET /favicon.ico
2025-11-13 11:20:45,673 - app.main - INFO - Datenbank-Tabellen erfolgreich erstellt/validiert
2025-11-13 11:20:46,568 - app.main - INFO - GET /
2025-11-13 11:20:46,736 - app.main - INFO - GET /app/pics/G9_logo.png
2025-11-13 11:20:46,738 - app.main - INFO - GET /static/css/style.css
2025-11-13 11:20:47,151 - app.main - INFO - GET /favicon.ico
2025-11-13 11:27:33,655 - app.main - INFO - GET /
2025-11-13 11:27:33,768 - app.main - INFO - GET /static/css/style.css
2025-11-13 11:27:33,775 - app.main - INFO - GET /app/pics/G9_logo.png
2025-11-13 11:27:33,935 - app.main - INFO - GET /favicon.ico
2025-11-13 11:27:39,327 - app.main - INFO - GET /
2025-11-13 11:27:39,439 - app.main - INFO - GET /static/css/style.css
2025-11-13 11:27:39,472 - app.main - INFO - GET /app/pics/G9_logo.png
2025-11-13 11:27:39,483 - app.main - INFO - GET /pics/pic1.png
2025-11-13 11:27:39,527 - app.main - INFO - GET /pics/pic2.png
2025-11-13 11:27:39,569 - app.main - INFO - GET /pics/pic3.png
2025-11-13 11:27:39,609 - app.main - INFO - GET /static/js/app.js
2025-11-13 11:27:39,668 - app.main - INFO - GET /static/css/print.css
2025-11-13 11:27:39,892 - app.main - INFO - GET /favicon.ico
2025-11-13 11:28:32,918 - app.main - INFO - GET /
2025-11-13 11:28:33,042 - app.main - INFO - GET /static/css/style.css
2025-11-13 11:28:33,044 - app.main - INFO - GET /pics/G9_logo.png
2025-11-13 11:28:33,046 - app.main - INFO - GET /pics/pic1.png
2025-11-13 11:28:33,047 - app.main - INFO - GET /pics/pic2.png
2025-11-13 11:28:33,064 - app.main - INFO - GET /pics/pic3.png
2025-11-13 11:28:33,072 - app.main - INFO - GET /static/js/app.js
2025-11-13 11:28:33,100 - app.main - INFO - GET /static/css/print.css
2025-11-13 11:28:33,484 - app.main - INFO - GET /favicon.ico
2025-11-13 11:30:31,633 - app.main - INFO - GET /
2025-11-13 11:30:31,712 - app.main - INFO - GET /static/css/style.css
2025-11-13 11:30:31,715 - app.main - INFO - GET /pics/G9_logo.png
2025-11-13 11:30:31,729 - app.main - INFO - GET /pics/pic1.png
2025-11-13 11:30:31,755 - app.main - INFO - GET /pics/pic2.png
2025-11-13 11:30:31,783 - app.main - INFO - GET /pics/pic3.png
2025-11-13 11:30:31,793 - app.main - INFO - GET /static/js/app.js
2025-11-13 11:30:31,813 - app.main - INFO - GET /static/css/print.css
2025-11-13 11:30:32,160 - app.main - INFO - GET /favicon.ico
2025-11-13 11:34:03,955 - app.main - INFO - Datenbank-Tabellen erfolgreich erstellt/validiert
2025-11-13 11:34:04,181 - app.main - INFO - GET /
2025-11-13 11:34:04,328 - app.main - INFO - GET /static/css/style.css
2025-11-13 11:34:04,664 - app.main - INFO - GET /favicon.ico
2025-11-13 11:34:13,442 - app.main - INFO - GET /
2025-11-13 11:34:13,565 - app.main - INFO - GET /static/css/style.css
2025-11-13 11:34:13,571 - app.main - INFO - GET /pics/G9_logo.png
2025-11-13 11:34:13,625 - app.main - INFO - GET /static/js/app.js
2025-11-13 11:34:13,639 - app.main - INFO - GET /pics/pic1.png
2025-11-13 11:34:13,657 - app.main - INFO - GET /pics/pic2.png
2025-11-13 11:34:13,665 - app.main - INFO - GET /pics/pic3.png
2025-11-13 11:34:13,673 - app.main - INFO - GET /static/css/print.css
2025-11-13 11:34:14,096 - app.main - INFO - GET /favicon.ico
2025-11-13 11:35:24,785 - app.main - INFO - GET /
2025-11-13 11:35:24,912 - app.main - INFO - GET /static/css/style.css
2025-11-13 11:35:24,916 - app.main - INFO - GET /pics/G9_logo.png
2025-11-13 11:35:24,932 - app.main - INFO - GET /static/js/app.js
2025-11-13 11:35:24,951 - app.main - INFO - GET /pics/pic1.png
2025-11-13 11:35:24,972 - app.main - INFO - GET /pics/pic2.png
2025-11-13 11:35:24,976 - app.main - INFO - GET /pics/pic3.png
2025-11-13 11:35:25,007 - app.main - INFO - GET /static/css/print.css
2025-11-13 11:35:25,357 - app.main - INFO - GET /favicon.ico
2025-11-13 11:36:21,405 - app.main - INFO - GET /
2025-11-13 11:36:21,554 - app.main - INFO - GET /static/css/style.css
2025-11-13 11:36:21,557 - app.main - INFO - GET /pics/G9_logo.png
2025-11-13 11:36:21,558 - app.main - INFO - GET /pics/pic2.png
2025-11-13 11:36:21,559 - app.main - INFO - GET /pics/pic1.png
2025-11-13 11:36:21,592 - app.main - INFO - GET /pics/pic3.png
2025-11-13 11:36:21,610 - app.main - INFO - GET /static/js/app.js
2025-11-13 11:36:21,639 - app.main - INFO - GET /static/css/print.css
2025-11-13 11:36:21,996 - app.main - INFO - GET /favicon.ico
2025-11-13 11:36:34,213 - app.main - INFO - GET /
2025-11-13 11:36:34,337 - app.main - INFO - GET /static/css/style.css
2025-11-13 11:36:34,339 - app.main - INFO - GET /pics/G9_logo.png
2025-11-13 11:36:34,347 - app.main - INFO - GET /static/js/app.js
2025-11-13 11:36:34,367 - app.main - INFO - GET /pics/pic1.png
2025-11-13 11:36:34,391 - app.main - INFO - GET /pics/pic2.png
2025-11-13 11:36:34,397 - app.main - INFO - GET /pics/pic3.png
2025-11-13 11:36:34,419 - app.main - INFO - GET /static/css/print.css
2025-11-13 11:36:34,701 - app.main - INFO - GET /favicon.ico
